::1 - - [Mon, 04 Jan 2021 06:05:27 GMT] "GET /sessions/connect HTTP/1.1" 500 233 "http://localhost:4200/" "Mozilla/5.0 (Windows NT 6.2; Win64; x64) AppleWebKit/537.36 (KHTML, like Gecko) Chrome/87.0.4280.88 Safari/537.36"
::1 - - [Mon, 04 Jan 2021 06:08:16 GMT] "GET /sessions/connect HTTP/1.1" 500 233 "http://localhost:4200/" "Mozilla/5.0 (Windows NT 6.2; Win64; x64) AppleWebKit/537.36 (KHTML, like Gecko) Chrome/87.0.4280.88 Safari/537.36"
::1 - - [Mon, 04 Jan 2021 06:09:41 GMT] "GET /sessions/connect HTTP/1.1" 500 233 "http://localhost:4200/" "Mozilla/5.0 (Windows NT 6.2; Win64; x64) AppleWebKit/537.36 (KHTML, like Gecko) Chrome/87.0.4280.88 Safari/537.36"
::1 - - [Mon, 04 Jan 2021 06:10:55 GMT] "GET /sessions/connect HTTP/1.1" 500 233 "http://localhost:4200/" "Mozilla/5.0 (Windows NT 6.2; Win64; x64) AppleWebKit/537.36 (KHTML, like Gecko) Chrome/87.0.4280.88 Safari/537.36"
::1 - - [Mon, 04 Jan 2021 06:14:16 GMT] "GET /sessions/connect HTTP/1.1" 500 233 "http://localhost:4200/" "Mozilla/5.0 (Windows NT 6.2; Win64; x64) AppleWebKit/537.36 (KHTML, like Gecko) Chrome/87.0.4280.88 Safari/537.36"
::1 - - [Mon, 04 Jan 2021 06:37:18 GMT] "GET /sessions/connect HTTP/1.1" 500 233 "http://localhost:4200/" "Mozilla/5.0 (Windows NT 6.2; Win64; x64) AppleWebKit/537.36 (KHTML, like Gecko) Chrome/87.0.4280.88 Safari/537.36"
::1 - - [Mon, 04 Jan 2021 06:39:09 GMT] "GET /sessions/connect HTTP/1.1" 500 233 "http://localhost:4200/" "Mozilla/5.0 (Windows NT 6.2; Win64; x64) AppleWebKit/537.36 (KHTML, like Gecko) Chrome/87.0.4280.88 Safari/537.36"
::1 - - [Mon, 04 Jan 2021 06:40:11 GMT] "GET /sessions/connect HTTP/1.1" 500 233 "http://localhost:4200/" "Mozilla/5.0 (Windows NT 6.2; Win64; x64) AppleWebKit/537.36 (KHTML, like Gecko) Chrome/87.0.4280.88 Safari/537.36"
::1 - - [Mon, 04 Jan 2021 06:41:18 GMT] "GET /sessions/connect HTTP/1.1" 500 233 "http://localhost:4200/" "Mozilla/5.0 (Windows NT 6.2; Win64; x64) AppleWebKit/537.36 (KHTML, like Gecko) Chrome/87.0.4280.88 Safari/537.36"
::1 - - [Mon, 04 Jan 2021 06:44:49 GMT] "GET /sessions/connect HTTP/1.1" 200 93 "http://localhost:4200/" "Mozilla/5.0 (Windows NT 6.2; Win64; x64) AppleWebKit/537.36 (KHTML, like Gecko) Chrome/87.0.4280.88 Safari/537.36"
::1 - - [Mon, 04 Jan 2021 06:44:58 GMT] "GET /favicon.ico HTTP/1.1" 404 150 "http://localhost:3000/?oauth_token=MN0D5gAAAAABLGzTAAABdswkKHk&oauth_verifier=3UuNZdTqZqUt1iOP6rBk5eg5F7Ofoi7B" "Mozilla/5.0 (Windows NT 6.2; Win64; x64) AppleWebKit/537.36 (KHTML, like Gecko) Chrome/87.0.4280.88 Safari/537.36"
::1 - - [Mon, 04 Jan 2021 06:47:39 GMT] "GET /sessions/connect HTTP/1.1" 500 233 "http://localhost:4200/" "Mozilla/5.0 (Windows NT 6.2; Win64; x64) AppleWebKit/537.36 (KHTML, like Gecko) Chrome/87.0.4280.88 Safari/537.36"
::1 - - [Mon, 04 Jan 2021 06:49:24 GMT] "GET /sessions/connect HTTP/1.1" 200 93 "http://localhost:4200/" "Mozilla/5.0 (Windows NT 6.2; Win64; x64) AppleWebKit/537.36 (KHTML, like Gecko) Chrome/87.0.4280.88 Safari/537.36"
::1 - - [Mon, 04 Jan 2021 06:49:34 GMT] "POST /sessions/saveAccessTokens HTTP/1.1" 200 25 "http://localhost:4200/" "Mozilla/5.0 (Windows NT 6.2; Win64; x64) AppleWebKit/537.36 (KHTML, like Gecko) Chrome/87.0.4280.88 Safari/537.36"
::1 - - [Mon, 04 Jan 2021 06:50:52 GMT] "POST /sessions/saveAccessTokens HTTP/1.1" 500 67 "http://localhost:4200/" "Mozilla/5.0 (Windows NT 6.2; Win64; x64) AppleWebKit/537.36 (KHTML, like Gecko) Chrome/87.0.4280.88 Safari/537.36"
::1 - - [Mon, 04 Jan 2021 06:51:46 GMT] "GET /sessions/connect HTTP/1.1" 200 93 "http://localhost:4200/" "Mozilla/5.0 (Windows NT 6.2; Win64; x64) AppleWebKit/537.36 (KHTML, like Gecko) Chrome/87.0.4280.88 Safari/537.36"
::1 - - [Mon, 04 Jan 2021 07:12:43 GMT] "GET /sessions/connect HTTP/1.1" 200 93 "http://localhost:4200/" "Mozilla/5.0 (Windows NT 6.2; Win64; x64) AppleWebKit/537.36 (KHTML, like Gecko) Chrome/87.0.4280.88 Safari/537.36"
::1 - - [Mon, 04 Jan 2021 07:45:48 GMT] "GET /sessions/connect HTTP/1.1" 200 93 "http://localhost:4200/" "Mozilla/5.0 (Windows NT 6.2; Win64; x64) AppleWebKit/537.36 (KHTML, like Gecko) Chrome/87.0.4280.101 Safari/537.36"
::1 - - [Mon, 04 Jan 2021 07:45:58 GMT] "POST /sessions/saveAccessTokens HTTP/1.1" 200 25 "http://localhost:4200/" "Mozilla/5.0 (Windows NT 6.2; Win64; x64) AppleWebKit/537.36 (KHTML, like Gecko) Chrome/87.0.4280.101 Safari/537.36"
::1 - - [Mon, 04 Jan 2021 07:48:10 GMT] "GET /sessions/connect HTTP/1.1" 200 93 "http://localhost:4200/" "Mozilla/5.0 (Windows NT 6.2; Win64; x64) AppleWebKit/537.36 (KHTML, like Gecko) Chrome/87.0.4280.101 Safari/537.36"
::1 - - [Mon, 04 Jan 2021 07:51:33 GMT] "GET /sessions/connect HTTP/1.1" 200 93 "http://localhost:4200/" "Mozilla/5.0 (Windows NT 6.2; Win64; x64) AppleWebKit/537.36 (KHTML, like Gecko) Chrome/87.0.4280.88 Safari/537.36"
::1 - - [Mon, 04 Jan 2021 09:07:47 GMT] "GET /sessions/connect HTTP/1.1" 200 93 "http://localhost:4200/" "Mozilla/5.0 (Windows NT 6.2; Win64; x64) AppleWebKit/537.36 (KHTML, like Gecko) Chrome/87.0.4280.88 Safari/537.36"
::1 - - [Mon, 04 Jan 2021 09:08:00 GMT] "POST /sessions/saveAccessTokens HTTP/1.1" 200 25 "http://localhost:4200/" "Mozilla/5.0 (Windows NT 6.2; Win64; x64) AppleWebKit/537.36 (KHTML, like Gecko) Chrome/87.0.4280.88 Safari/537.36"
::1 - - [Mon, 04 Jan 2021 09:09:46 GMT] "GET /sessions/connect HTTP/1.1" 200 93 "http://localhost:4200/" "Mozilla/5.0 (Windows NT 6.2; Win64; x64) AppleWebKit/537.36 (KHTML, like Gecko) Chrome/87.0.4280.88 Safari/537.36"
::1 - - [Mon, 04 Jan 2021 09:09:52 GMT] "POST /sessions/saveAccessTokens HTTP/1.1" 200 25 "http://localhost:4200/" "Mozilla/5.0 (Windows NT 6.2; Win64; x64) AppleWebKit/537.36 (KHTML, like Gecko) Chrome/87.0.4280.88 Safari/537.36"
::1 - - [Mon, 04 Jan 2021 09:22:20 GMT] "GET /sessions/connect HTTP/1.1" 200 93 "http://localhost:4200/" "Mozilla/5.0 (Windows NT 6.2; Win64; x64) AppleWebKit/537.36 (KHTML, like Gecko) Chrome/87.0.4280.88 Safari/537.36"
::1 - - [Mon, 04 Jan 2021 09:22:26 GMT] "POST /sessions/saveAccessTokens HTTP/1.1" 200 51 "http://localhost:4200/" "Mozilla/5.0 (Windows NT 6.2; Win64; x64) AppleWebKit/537.36 (KHTML, like Gecko) Chrome/87.0.4280.88 Safari/537.36"
::1 - - [Mon, 04 Jan 2021 09:23:22 GMT] "GET /sessions/connect HTTP/1.1" 200 93 "http://localhost:4200/" "Mozilla/5.0 (Windows NT 6.2; Win64; x64) AppleWebKit/537.36 (KHTML, like Gecko) Chrome/87.0.4280.88 Safari/537.36"
::1 - - [Mon, 04 Jan 2021 09:23:28 GMT] "POST /sessions/saveAccessTokens HTTP/1.1" 200 51 "http://localhost:4200/" "Mozilla/5.0 (Windows NT 6.2; Win64; x64) AppleWebKit/537.36 (KHTML, like Gecko) Chrome/87.0.4280.88 Safari/537.36"
::1 - - [Mon, 04 Jan 2021 09:24:30 GMT] "GET /sessions/connect HTTP/1.1" 200 93 "http://localhost:4200/" "Mozilla/5.0 (Windows NT 6.2; Win64; x64) AppleWebKit/537.36 (KHTML, like Gecko) Chrome/87.0.4280.88 Safari/537.36"
::1 - - [Mon, 04 Jan 2021 09:24:50 GMT] "POST /sessions/saveAccessTokens HTTP/1.1" 200 51 "http://localhost:4200/" "Mozilla/5.0 (Windows NT 6.2; Win64; x64) AppleWebKit/537.36 (KHTML, like Gecko) Chrome/87.0.4280.88 Safari/537.36"
::1 - - [Mon, 04 Jan 2021 09:29:18 GMT] "GET /sessions/connect HTTP/1.1" 500 233 "http://localhost:4200/" "Mozilla/5.0 (Windows NT 6.2; Win64; x64) AppleWebKit/537.36 (KHTML, like Gecko) Chrome/87.0.4280.88 Safari/537.36"
::1 - - [Mon, 04 Jan 2021 09:45:15 GMT] "GET /sessions/connect HTTP/1.1" 500 233 "http://localhost:4200/" "Mozilla/5.0 (Windows NT 6.2; Win64; x64) AppleWebKit/537.36 (KHTML, like Gecko) Chrome/87.0.4280.88 Safari/537.36"
::1 - - [Mon, 04 Jan 2021 09:46:42 GMT] "GET /sessions/connect HTTP/1.1" 500 233 "http://localhost:4200/" "Mozilla/5.0 (Windows NT 6.2; Win64; x64) AppleWebKit/537.36 (KHTML, like Gecko) Chrome/87.0.4280.88 Safari/537.36"
::1 - - [Mon, 04 Jan 2021 09:47:28 GMT] "GET /sessions/connect HTTP/1.1" 500 233 "http://localhost:4200/" "Mozilla/5.0 (Windows NT 6.2; Win64; x64) AppleWebKit/537.36 (KHTML, like Gecko) Chrome/87.0.4280.88 Safari/537.36"
::1 - - [Mon, 04 Jan 2021 09:59:56 GMT] "GET /sessions/connect HTTP/1.1" 500 233 "http://localhost:4200/" "Mozilla/5.0 (Windows NT 6.2; Win64; x64) AppleWebKit/537.36 (KHTML, like Gecko) Chrome/87.0.4280.88 Safari/537.36"
::1 - - [Mon, 04 Jan 2021 10:06:43 GMT] "GET /sessions/connect HTTP/1.1" 500 233 "http://localhost:4200/" "Mozilla/5.0 (Windows NT 6.2; Win64; x64) AppleWebKit/537.36 (KHTML, like Gecko) Chrome/87.0.4280.88 Safari/537.36"
::1 - - [Mon, 04 Jan 2021 10:07:02 GMT] "GET /sessions/connect HTTP/1.1" 500 233 "http://localhost:4200/" "Mozilla/5.0 (Windows NT 6.2; Win64; x64) AppleWebKit/537.36 (KHTML, like Gecko) Chrome/87.0.4280.88 Safari/537.36"
::1 - - [Mon, 04 Jan 2021 10:08:48 GMT] "GET /sessions/connect HTTP/1.1" 200 93 "http://localhost:4200/" "Mozilla/5.0 (Windows NT 6.2; Win64; x64) AppleWebKit/537.36 (KHTML, like Gecko) Chrome/87.0.4280.88 Safari/537.36"
::1 - - [Mon, 04 Jan 2021 10:09:01 GMT] "POST /sessions/saveAccessTokens HTTP/1.1" 200 25 "http://localhost:4200/" "Mozilla/5.0 (Windows NT 6.2; Win64; x64) AppleWebKit/537.36 (KHTML, like Gecko) Chrome/87.0.4280.88 Safari/537.36"
::1 - - [Mon, 04 Jan 2021 10:09:32 GMT] "POST /sessions/saveAccessTokens HTTP/1.1" 500 67 "http://localhost:4200/" "Mozilla/5.0 (Windows NT 6.2; Win64; x64) AppleWebKit/537.36 (KHTML, like Gecko) Chrome/87.0.4280.88 Safari/537.36"
::1 - - [Mon, 04 Jan 2021 10:09:44 GMT] "GET /sessions/connect HTTP/1.1" 200 93 "http://localhost:4200/" "Mozilla/5.0 (Windows NT 6.2; Win64; x64) AppleWebKit/537.36 (KHTML, like Gecko) Chrome/87.0.4280.88 Safari/537.36"
::1 - - [Mon, 04 Jan 2021 10:09:52 GMT] "POST /sessions/saveAccessTokens HTTP/1.1" 200 25 "http://localhost:4200/" "Mozilla/5.0 (Windows NT 6.2; Win64; x64) AppleWebKit/537.36 (KHTML, like Gecko) Chrome/87.0.4280.88 Safari/537.36"
::1 - - [Mon, 04 Jan 2021 10:10:27 GMT] "GET /sessions/connect HTTP/1.1" 200 93 "http://localhost:4200/" "Mozilla/5.0 (Windows NT 6.2; Win64; x64) AppleWebKit/537.36 (KHTML, like Gecko) Chrome/87.0.4280.88 Safari/537.36"
::1 - - [Mon, 04 Jan 2021 10:10:35 GMT] "POST /sessions/saveAccessTokens HTTP/1.1" 200 51 "http://localhost:4200/" "Mozilla/5.0 (Windows NT 6.2; Win64; x64) AppleWebKit/537.36 (KHTML, like Gecko) Chrome/87.0.4280.88 Safari/537.36"
::1 - - [Mon, 04 Jan 2021 10:23:23 GMT] "GET /sessions/connect HTTP/1.1" 200 93 "http://localhost:4200/" "Mozilla/5.0 (Windows NT 6.2; Win64; x64) AppleWebKit/537.36 (KHTML, like Gecko) Chrome/87.0.4280.88 Safari/537.36"
::1 - - [Mon, 04 Jan 2021 10:23:42 GMT] "POST /sessions/saveAccessTokens HTTP/1.1" 200 253 "http://localhost:4200/" "Mozilla/5.0 (Windows NT 6.2; Win64; x64) AppleWebKit/537.36 (KHTML, like Gecko) Chrome/87.0.4280.88 Safari/537.36"
::1 - - [Mon, 04 Jan 2021 10:28:10 GMT] "GET /sessions/connect HTTP/1.1" 200 93 "http://localhost:4200/" "Mozilla/5.0 (Windows NT 6.2; Win64; x64) AppleWebKit/537.36 (KHTML, like Gecko) Chrome/87.0.4280.88 Safari/537.36"
::1 - - [Mon, 04 Jan 2021 10:28:18 GMT] "POST /sessions/saveAccessTokens HTTP/1.1" 200 217 "http://localhost:4200/" "Mozilla/5.0 (Windows NT 6.2; Win64; x64) AppleWebKit/537.36 (KHTML, like Gecko) Chrome/87.0.4280.88 Safari/537.36"
::1 - - [Mon, 04 Jan 2021 10:30:15 GMT] "GET /sessions/connect HTTP/1.1" 200 93 "http://localhost:4200/" "Mozilla/5.0 (Windows NT 6.2; Win64; x64) AppleWebKit/537.36 (KHTML, like Gecko) Chrome/87.0.4280.88 Safari/537.36"
::1 - - [Mon, 04 Jan 2021 10:30:25 GMT] "POST /sessions/saveAccessTokens HTTP/1.1" 200 51 "http://localhost:4200/" "Mozilla/5.0 (Windows NT 6.2; Win64; x64) AppleWebKit/537.36 (KHTML, like Gecko) Chrome/87.0.4280.88 Safari/537.36"
::1 - - [Mon, 04 Jan 2021 10:33:56 GMT] "GET /sessions/connect HTTP/1.1" 200 93 "http://localhost:4200/" "Mozilla/5.0 (Windows NT 6.2; Win64; x64) AppleWebKit/537.36 (KHTML, like Gecko) Chrome/87.0.4280.88 Safari/537.36"
::1 - - [Mon, 04 Jan 2021 10:34:05 GMT] "POST /sessions/saveAccessTokens HTTP/1.1" 200 217 "http://localhost:4200/" "Mozilla/5.0 (Windows NT 6.2; Win64; x64) AppleWebKit/537.36 (KHTML, like Gecko) Chrome/87.0.4280.88 Safari/537.36"
::1 - - [Mon, 04 Jan 2021 10:40:54 GMT] "GET /sessions/connect HTTP/1.1" 200 93 "http://localhost:4200/" "Mozilla/5.0 (Windows NT 6.2; Win64; x64) AppleWebKit/537.36 (KHTML, like Gecko) Chrome/87.0.4280.88 Safari/537.36"
::1 - - [Mon, 04 Jan 2021 10:41:04 GMT] "POST /sessions/saveAccessTokens HTTP/1.1" 200 217 "http://localhost:4200/" "Mozilla/5.0 (Windows NT 6.2; Win64; x64) AppleWebKit/537.36 (KHTML, like Gecko) Chrome/87.0.4280.88 Safari/537.36"
::1 - - [Mon, 04 Jan 2021 10:50:00 GMT] "GET /sessions/connect HTTP/1.1" 200 93 "http://localhost:4200/" "Mozilla/5.0 (Windows NT 6.2; Win64; x64) AppleWebKit/537.36 (KHTML, like Gecko) Chrome/87.0.4280.88 Safari/537.36"
::1 - - [Mon, 04 Jan 2021 10:50:13 GMT] "POST /sessions/saveAccessTokens HTTP/1.1" 200 217 "http://localhost:4200/" "Mozilla/5.0 (Windows NT 6.2; Win64; x64) AppleWebKit/537.36 (KHTML, like Gecko) Chrome/87.0.4280.88 Safari/537.36"
::1 - - [Mon, 04 Jan 2021 10:52:08 GMT] "GET /sessions/connect HTTP/1.1" 200 93 "http://localhost:4200/" "Mozilla/5.0 (Windows NT 6.2; Win64; x64) AppleWebKit/537.36 (KHTML, like Gecko) Chrome/87.0.4280.88 Safari/537.36"
::1 - - [Mon, 04 Jan 2021 10:52:29 GMT] "POST /sessions/saveAccessTokens HTTP/1.1" 200 51 "http://localhost:4200/" "Mozilla/5.0 (Windows NT 6.2; Win64; x64) AppleWebKit/537.36 (KHTML, like Gecko) Chrome/87.0.4280.88 Safari/537.36"
::1 - - [Mon, 04 Jan 2021 10:53:21 GMT] "GET /sessions/connect HTTP/1.1" 200 93 "http://localhost:4200/" "Mozilla/5.0 (Windows NT 6.2; Win64; x64) AppleWebKit/537.36 (KHTML, like Gecko) Chrome/87.0.4280.88 Safari/537.36"
::1 - - [Mon, 04 Jan 2021 10:53:30 GMT] "POST /sessions/saveAccessTokens HTTP/1.1" 200 51 "http://localhost:4200/" "Mozilla/5.0 (Windows NT 6.2; Win64; x64) AppleWebKit/537.36 (KHTML, like Gecko) Chrome/87.0.4280.88 Safari/537.36"
::1 - - [Mon, 04 Jan 2021 10:54:32 GMT] "GET /sessions/connect HTTP/1.1" 200 93 "http://localhost:4200/" "Mozilla/5.0 (Windows NT 6.2; Win64; x64) AppleWebKit/537.36 (KHTML, like Gecko) Chrome/87.0.4280.88 Safari/537.36"
::1 - - [Mon, 04 Jan 2021 10:54:43 GMT] "POST /sessions/saveAccessTokens HTTP/1.1" 200 51 "http://localhost:4200/" "Mozilla/5.0 (Windows NT 6.2; Win64; x64) AppleWebKit/537.36 (KHTML, like Gecko) Chrome/87.0.4280.88 Safari/537.36"
::1 - - [Mon, 04 Jan 2021 10:59:30 GMT] "GET /sessions/connect HTTP/1.1" 200 93 "http://localhost:4200/" "Mozilla/5.0 (Windows NT 6.2; Win64; x64) AppleWebKit/537.36 (KHTML, like Gecko) Chrome/87.0.4280.88 Safari/537.36"
::1 - - [Mon, 04 Jan 2021 10:59:40 GMT] "POST /sessions/saveAccessTokens HTTP/1.1" 200 51 "http://localhost:4200/" "Mozilla/5.0 (Windows NT 6.2; Win64; x64) AppleWebKit/537.36 (KHTML, like Gecko) Chrome/87.0.4280.88 Safari/537.36"
::1 - - [Mon, 04 Jan 2021 11:08:14 GMT] "GET /sessions/connect HTTP/1.1" 200 93 "http://localhost:4200/" "Mozilla/5.0 (Windows NT 6.2; Win64; x64) AppleWebKit/537.36 (KHTML, like Gecko) Chrome/87.0.4280.88 Safari/537.36"
::1 - - [Mon, 04 Jan 2021 11:09:32 GMT] "GET /sessions/connect HTTP/1.1" 200 93 "http://localhost:4200/" "Mozilla/5.0 (Windows NT 6.2; Win64; x64) AppleWebKit/537.36 (KHTML, like Gecko) Chrome/87.0.4280.88 Safari/537.36"
::1 - - [Mon, 04 Jan 2021 11:09:41 GMT] "POST /sessions/saveAccessTokens HTTP/1.1" 200 51 "http://localhost:4200/" "Mozilla/5.0 (Windows NT 6.2; Win64; x64) AppleWebKit/537.36 (KHTML, like Gecko) Chrome/87.0.4280.88 Safari/537.36"
::1 - - [Mon, 04 Jan 2021 11:10:00 GMT] "GET /sessions/connect HTTP/1.1" 200 93 "http://localhost:4200/" "Mozilla/5.0 (Windows NT 6.2; Win64; x64) AppleWebKit/537.36 (KHTML, like Gecko) Chrome/87.0.4280.88 Safari/537.36"
::1 - - [Mon, 04 Jan 2021 11:10:08 GMT] "POST /sessions/saveAccessTokens HTTP/1.1" 200 51 "http://localhost:4200/" "Mozilla/5.0 (Windows NT 6.2; Win64; x64) AppleWebKit/537.36 (KHTML, like Gecko) Chrome/87.0.4280.88 Safari/537.36"
::1 - - [Mon, 04 Jan 2021 11:12:44 GMT] "GET /sessions/connect HTTP/1.1" 200 93 "http://localhost:4200/" "Mozilla/5.0 (Windows NT 6.2; Win64; x64) AppleWebKit/537.36 (KHTML, like Gecko) Chrome/87.0.4280.88 Safari/537.36"
::1 - - [Mon, 04 Jan 2021 11:13:03 GMT] "POST /sessions/saveAccessTokens HTTP/1.1" 200 51 "http://localhost:4200/" "Mozilla/5.0 (Windows NT 6.2; Win64; x64) AppleWebKit/537.36 (KHTML, like Gecko) Chrome/87.0.4280.88 Safari/537.36"
::1 - - [Mon, 04 Jan 2021 11:13:47 GMT] "POST /sessions/saveAccessTokens HTTP/1.1" 500 67 "http://localhost:4200/" "Mozilla/5.0 (Windows NT 6.2; Win64; x64) AppleWebKit/537.36 (KHTML, like Gecko) Chrome/87.0.4280.88 Safari/537.36"
::1 - - [Mon, 04 Jan 2021 11:13:59 GMT] "GET /sessions/connect HTTP/1.1" 200 93 "http://localhost:4200/" "Mozilla/5.0 (Windows NT 6.2; Win64; x64) AppleWebKit/537.36 (KHTML, like Gecko) Chrome/87.0.4280.88 Safari/537.36"
::1 - - [Mon, 04 Jan 2021 11:14:16 GMT] "POST /sessions/saveAccessTokens HTTP/1.1" 200 51 "http://localhost:4200/" "Mozilla/5.0 (Windows NT 6.2; Win64; x64) AppleWebKit/537.36 (KHTML, like Gecko) Chrome/87.0.4280.88 Safari/537.36"
::1 - - [Mon, 04 Jan 2021 11:17:02 GMT] "GET /sessions/connect HTTP/1.1" 200 93 "http://localhost:4200/" "Mozilla/5.0 (Windows NT 6.2; Win64; x64) AppleWebKit/537.36 (KHTML, like Gecko) Chrome/87.0.4280.88 Safari/537.36"
::1 - - [Mon, 04 Jan 2021 11:17:22 GMT] "POST /sessions/saveAccessTokens HTTP/1.1" 200 51 "http://localhost:4200/" "Mozilla/5.0 (Windows NT 6.2; Win64; x64) AppleWebKit/537.36 (KHTML, like Gecko) Chrome/87.0.4280.88 Safari/537.36"
::1 - - [Mon, 04 Jan 2021 12:03:08 GMT] "GET /sessions/connect HTTP/1.1" 200 93 "http://localhost:4200/" "Mozilla/5.0 (Windows NT 6.2; Win64; x64) AppleWebKit/537.36 (KHTML, like Gecko) Chrome/87.0.4280.88 Safari/537.36"
::1 - - [Mon, 04 Jan 2021 12:03:22 GMT] "POST /sessions/saveAccessTokens HTTP/1.1" 200 51 "http://localhost:4200/" "Mozilla/5.0 (Windows NT 6.2; Win64; x64) AppleWebKit/537.36 (KHTML, like Gecko) Chrome/87.0.4280.88 Safari/537.36"
::1 - - [Mon, 04 Jan 2021 12:08:35 GMT] "GET /sessions/connect HTTP/1.1" 200 93 "http://localhost:4200/" "Mozilla/5.0 (Windows NT 6.2; Win64; x64) AppleWebKit/537.36 (KHTML, like Gecko) Chrome/87.0.4280.88 Safari/537.36"
::1 - - [Mon, 04 Jan 2021 12:08:45 GMT] "POST /sessions/saveAccessTokens HTTP/1.1" 200 51 "http://localhost:4200/" "Mozilla/5.0 (Windows NT 6.2; Win64; x64) AppleWebKit/537.36 (KHTML, like Gecko) Chrome/87.0.4280.88 Safari/537.36"
::1 - - [Mon, 04 Jan 2021 12:10:10 GMT] "GET /sessions/connect HTTP/1.1" 200 93 "http://localhost:4200/" "Mozilla/5.0 (Windows NT 6.2; Win64; x64) AppleWebKit/537.36 (KHTML, like Gecko) Chrome/87.0.4280.88 Safari/537.36"
::1 - - [Mon, 04 Jan 2021 12:10:21 GMT] "POST /sessions/saveAccessTokens HTTP/1.1" 200 51 "http://localhost:4200/" "Mozilla/5.0 (Windows NT 6.2; Win64; x64) AppleWebKit/537.36 (KHTML, like Gecko) Chrome/87.0.4280.88 Safari/537.36"
::1 - - [Mon, 04 Jan 2021 12:12:57 GMT] "GET /sessions/connect HTTP/1.1" 200 93 "http://localhost:4200/" "Mozilla/5.0 (Windows NT 6.2; Win64; x64) AppleWebKit/537.36 (KHTML, like Gecko) Chrome/87.0.4280.88 Safari/537.36"
::1 - - [Mon, 04 Jan 2021 12:13:07 GMT] "POST /sessions/saveAccessTokens HTTP/1.1" 200 51 "http://localhost:4200/" "Mozilla/5.0 (Windows NT 6.2; Win64; x64) AppleWebKit/537.36 (KHTML, like Gecko) Chrome/87.0.4280.88 Safari/537.36"
::1 - - [Mon, 04 Jan 2021 12:14:31 GMT] "GET /sessions/connect HTTP/1.1" 200 93 "http://localhost:4200/" "Mozilla/5.0 (Windows NT 6.2; Win64; x64) AppleWebKit/537.36 (KHTML, like Gecko) Chrome/87.0.4280.88 Safari/537.36"
::1 - - [Mon, 04 Jan 2021 12:14:39 GMT] "POST /sessions/saveAccessTokens HTTP/1.1" 200 51 "http://localhost:4200/" "Mozilla/5.0 (Windows NT 6.2; Win64; x64) AppleWebKit/537.36 (KHTML, like Gecko) Chrome/87.0.4280.88 Safari/537.36"
::1 - - [Mon, 04 Jan 2021 12:19:56 GMT] "GET /sessions/connect HTTP/1.1" 500 233 "http://localhost:4200/" "Mozilla/5.0 (Windows NT 6.2; Win64; x64) AppleWebKit/537.36 (KHTML, like Gecko) Chrome/87.0.4280.88 Safari/537.36"
::1 - - [Mon, 04 Jan 2021 12:20:00 GMT] "GET /sessions/connect HTTP/1.1" 500 233 "http://localhost:4200/" "Mozilla/5.0 (Windows NT 6.2; Win64; x64) AppleWebKit/537.36 (KHTML, like Gecko) Chrome/87.0.4280.88 Safari/537.36"
::1 - - [Mon, 04 Jan 2021 12:22:00 GMT] "GET /sessions/connect HTTP/1.1" 500 233 "http://localhost:4200/" "Mozilla/5.0 (Windows NT 6.2; Win64; x64) AppleWebKit/537.36 (KHTML, like Gecko) Chrome/87.0.4280.88 Safari/537.36"
::1 - - [Mon, 04 Jan 2021 12:22:39 GMT] "GET /sessions/connect HTTP/1.1" 500 233 "http://localhost:4200/" "Mozilla/5.0 (Windows NT 6.2; Win64; x64) AppleWebKit/537.36 (KHTML, like Gecko) Chrome/87.0.4280.88 Safari/537.36"
::1 - - [Mon, 04 Jan 2021 12:27:02 GMT] "GET /sessions/connect HTTP/1.1" 500 233 "http://localhost:4200/" "Mozilla/5.0 (Windows NT 6.2; Win64; x64) AppleWebKit/537.36 (KHTML, like Gecko) Chrome/87.0.4280.88 Safari/537.36"
::1 - - [Mon, 04 Jan 2021 12:27:37 GMT] "GET /sessions/connect HTTP/1.1" 200 93 "http://localhost:4200/" "Mozilla/5.0 (Windows NT 6.2; Win64; x64) AppleWebKit/537.36 (KHTML, like Gecko) Chrome/87.0.4280.88 Safari/537.36"
::1 - - [Mon, 04 Jan 2021 12:27:48 GMT] "POST /sessions/saveAccessTokens HTTP/1.1" 200 51 "http://localhost:4200/" "Mozilla/5.0 (Windows NT 6.2; Win64; x64) AppleWebKit/537.36 (KHTML, like Gecko) Chrome/87.0.4280.88 Safari/537.36"
::1 - - [Tue, 05 Jan 2021 04:39:31 GMT] "GET /sessions/connect HTTP/1.1" 500 233 "http://localhost:4200/" "Mozilla/5.0 (Windows NT 6.2; Win64; x64) AppleWebKit/537.36 (KHTML, like Gecko) Chrome/87.0.4280.88 Safari/537.36"
::1 - - [Tue, 05 Jan 2021 04:39:53 GMT] "GET /sessions/connect HTTP/1.1" 200 93 "http://localhost:4200/" "Mozilla/5.0 (Windows NT 6.2; Win64; x64) AppleWebKit/537.36 (KHTML, like Gecko) Chrome/87.0.4280.88 Safari/537.36"
::1 - - [Tue, 05 Jan 2021 04:40:07 GMT] "POST /sessions/saveAccessTokens HTTP/1.1" 200 51 "http://localhost:4200/" "Mozilla/5.0 (Windows NT 6.2; Win64; x64) AppleWebKit/537.36 (KHTML, like Gecko) Chrome/87.0.4280.88 Safari/537.36"
::1 - - [Tue, 05 Jan 2021 04:43:29 GMT] "POST /sessions/saveAccessTokens HTTP/1.1" 500 67 "http://localhost:4200/" "Mozilla/5.0 (Windows NT 6.2; Win64; x64) AppleWebKit/537.36 (KHTML, like Gecko) Chrome/87.0.4280.88 Safari/537.36"
::1 - - [Tue, 05 Jan 2021 04:48:09 GMT] "GET /sessions/connect HTTP/1.1" 200 93 "http://localhost:4200/" "Mozilla/5.0 (Windows NT 6.2; Win64; x64) AppleWebKit/537.36 (KHTML, like Gecko) Chrome/87.0.4280.88 Safari/537.36"
::1 - - [Tue, 05 Jan 2021 04:48:18 GMT] "POST /sessions/saveAccessTokens HTTP/1.1" 200 51 "http://localhost:4200/" "Mozilla/5.0 (Windows NT 6.2; Win64; x64) AppleWebKit/537.36 (KHTML, like Gecko) Chrome/87.0.4280.88 Safari/537.36"
::1 - - [Tue, 05 Jan 2021 04:49:15 GMT] "POST /sessions/saveAccessTokens HTTP/1.1" 500 67 "http://localhost:4200/" "Mozilla/5.0 (Windows NT 6.2; Win64; x64) AppleWebKit/537.36 (KHTML, like Gecko) Chrome/87.0.4280.88 Safari/537.36"
::1 - - [Tue, 05 Jan 2021 04:49:28 GMT] "GET /sessions/connect HTTP/1.1" 200 93 "http://localhost:4200/" "Mozilla/5.0 (Windows NT 6.2; Win64; x64) AppleWebKit/537.36 (KHTML, like Gecko) Chrome/87.0.4280.88 Safari/537.36"
::ffff:127.0.0.1 - - [Tue, 05 Jan 2021 04:49:39 GMT] "POST /sessions/saveAccessTokens HTTP/1.1" 200 51 "http://localhost:4200/" "Mozilla/5.0 (Windows NT 6.2; Win64; x64) AppleWebKit/537.36 (KHTML, like Gecko) Chrome/87.0.4280.88 Safari/537.36"
::1 - - [Tue, 05 Jan 2021 04:51:28 GMT] "GET /sessions/connect HTTP/1.1" 200 93 "http://localhost:4200/" "Mozilla/5.0 (Windows NT 6.2; Win64; x64) AppleWebKit/537.36 (KHTML, like Gecko) Chrome/87.0.4280.88 Safari/537.36"
::1 - - [Tue, 05 Jan 2021 04:51:38 GMT] "POST /sessions/saveAccessTokens HTTP/1.1" 200 51 "http://localhost:4200/" "Mozilla/5.0 (Windows NT 6.2; Win64; x64) AppleWebKit/537.36 (KHTML, like Gecko) Chrome/87.0.4280.88 Safari/537.36"
::1 - - [Tue, 05 Jan 2021 04:55:11 GMT] "POST /sessions/saveAccessTokens HTTP/1.1" 500 67 "http://localhost:4200/" "Mozilla/5.0 (Windows NT 6.2; Win64; x64) AppleWebKit/537.36 (KHTML, like Gecko) Chrome/87.0.4280.88 Safari/537.36"
::1 - - [Tue, 05 Jan 2021 04:55:25 GMT] "GET /sessions/connect HTTP/1.1" 200 93 "http://localhost:4200/" "Mozilla/5.0 (Windows NT 6.2; Win64; x64) AppleWebKit/537.36 (KHTML, like Gecko) Chrome/87.0.4280.88 Safari/537.36"
::1 - - [Tue, 05 Jan 2021 04:55:33 GMT] "POST /sessions/saveAccessTokens HTTP/1.1" 200 253 "http://localhost:4200/" "Mozilla/5.0 (Windows NT 6.2; Win64; x64) AppleWebKit/537.36 (KHTML, like Gecko) Chrome/87.0.4280.88 Safari/537.36"
- - - [Tue, 05 Jan 2021 04:56:12 GMT] "POST /sessions/saveAccessTokens HTTP/1.1" 500 67 "http://localhost:4200/" "Mozilla/5.0 (Windows NT 6.2; Win64; x64) AppleWebKit/537.36 (KHTML, like Gecko) Chrome/87.0.4280.88 Safari/537.36"
::1 - - [Tue, 05 Jan 2021 04:56:21 GMT] "GET /sessions/connect HTTP/1.1" 200 93 "http://localhost:4200/" "Mozilla/5.0 (Windows NT 6.2; Win64; x64) AppleWebKit/537.36 (KHTML, like Gecko) Chrome/87.0.4280.88 Safari/537.36"
::1 - - [Tue, 05 Jan 2021 04:56:30 GMT] "POST /sessions/saveAccessTokens HTTP/1.1" 200 253 "http://localhost:4200/" "Mozilla/5.0 (Windows NT 6.2; Win64; x64) AppleWebKit/537.36 (KHTML, like Gecko) Chrome/87.0.4280.88 Safari/537.36"
::1 - - [Tue, 05 Jan 2021 05:04:10 GMT] "GET /sessions/connect HTTP/1.1" 200 93 "http://localhost:4200/" "Mozilla/5.0 (Windows NT 6.2; Win64; x64) AppleWebKit/537.36 (KHTML, like Gecko) Chrome/87.0.4280.88 Safari/537.36"
::1 - - [Tue, 05 Jan 2021 05:04:19 GMT] "POST /sessions/saveAccessTokens HTTP/1.1" 200 253 "http://localhost:4200/" "Mozilla/5.0 (Windows NT 6.2; Win64; x64) AppleWebKit/537.36 (KHTML, like Gecko) Chrome/87.0.4280.88 Safari/537.36"
::1 - - [Tue, 05 Jan 2021 05:05:01 GMT] "GET /sessions/connect HTTP/1.1" 200 93 "http://localhost:4200/" "Mozilla/5.0 (Windows NT 6.2; Win64; x64) AppleWebKit/537.36 (KHTML, like Gecko) Chrome/87.0.4280.88 Safari/537.36"
::1 - - [Tue, 05 Jan 2021 05:05:10 GMT] "POST /sessions/saveAccessTokens HTTP/1.1" 200 51 "http://localhost:4200/" "Mozilla/5.0 (Windows NT 6.2; Win64; x64) AppleWebKit/537.36 (KHTML, like Gecko) Chrome/87.0.4280.88 Safari/537.36"
::1 - - [Tue, 05 Jan 2021 05:06:25 GMT] "GET /sessions/connect HTTP/1.1" 200 93 "http://localhost:4200/" "Mozilla/5.0 (Windows NT 6.2; Win64; x64) AppleWebKit/537.36 (KHTML, like Gecko) Chrome/87.0.4280.88 Safari/537.36"
::1 - - [Tue, 05 Jan 2021 05:06:35 GMT] "POST /sessions/saveAccessTokens HTTP/1.1" 200 54 "http://localhost:4200/" "Mozilla/5.0 (Windows NT 6.2; Win64; x64) AppleWebKit/537.36 (KHTML, like Gecko) Chrome/87.0.4280.88 Safari/537.36"
::1 - - [Tue, 05 Jan 2021 05:21:15 GMT] "GET /sessions/connect HTTP/1.1" 200 93 "http://localhost:4200/" "Mozilla/5.0 (Windows NT 6.2; Win64; x64) AppleWebKit/537.36 (KHTML, like Gecko) Chrome/87.0.4280.101 Safari/537.36"
::1 - - [Tue, 05 Jan 2021 05:21:25 GMT] "POST /sessions/saveAccessTokens HTTP/1.1" 200 64 "http://localhost:4200/" "Mozilla/5.0 (Windows NT 6.2; Win64; x64) AppleWebKit/537.36 (KHTML, like Gecko) Chrome/87.0.4280.101 Safari/537.36"
::1 - - [Tue, 05 Jan 2021 06:31:20 GMT] "GET /sessions/connect HTTP/1.1" 200 93 "http://localhost:4200/" "Mozilla/5.0 (Windows NT 6.2; Win64; x64) AppleWebKit/537.36 (KHTML, like Gecko) Chrome/87.0.4280.88 Safari/537.36"
::1 - - [Tue, 05 Jan 2021 06:31:28 GMT] "POST /sessions/saveAccessTokens HTTP/1.1" 200 2 "http://localhost:4200/" "Mozilla/5.0 (Windows NT 6.2; Win64; x64) AppleWebKit/537.36 (KHTML, like Gecko) Chrome/87.0.4280.88 Safari/537.36"
::1 - - [Tue, 05 Jan 2021 06:35:47 GMT] "GET /sessions/connect HTTP/1.1" 200 93 "http://localhost:4200/" "Mozilla/5.0 (Windows NT 6.2; Win64; x64) AppleWebKit/537.36 (KHTML, like Gecko) Chrome/87.0.4280.88 Safari/537.36"
::1 - - [Tue, 05 Jan 2021 06:35:55 GMT] "POST /sessions/saveAccessTokens HTTP/1.1" 200 2 "http://localhost:4200/" "Mozilla/5.0 (Windows NT 6.2; Win64; x64) AppleWebKit/537.36 (KHTML, like Gecko) Chrome/87.0.4280.88 Safari/537.36"
::1 - - [Tue, 05 Jan 2021 06:36:41 GMT] "GET /sessions/connect HTTP/1.1" 200 93 "http://localhost:4200/" "Mozilla/5.0 (Windows NT 6.2; Win64; x64) AppleWebKit/537.36 (KHTML, like Gecko) Chrome/87.0.4280.101 Safari/537.36"
::1 - - [Tue, 05 Jan 2021 06:36:47 GMT] "POST /sessions/saveAccessTokens HTTP/1.1" 500 49 "http://localhost:4200/" "Mozilla/5.0 (Windows NT 6.2; Win64; x64) AppleWebKit/537.36 (KHTML, like Gecko) Chrome/87.0.4280.101 Safari/537.36"
::1 - - [Tue, 05 Jan 2021 06:36:54 GMT] "GET /sessions/connect HTTP/1.1" 200 93 "http://localhost:4200/" "Mozilla/5.0 (Windows NT 6.2; Win64; x64) AppleWebKit/537.36 (KHTML, like Gecko) Chrome/87.0.4280.101 Safari/537.36"
::1 - - [Tue, 05 Jan 2021 06:37:00 GMT] "POST /sessions/saveAccessTokens HTTP/1.1" 200 64 "http://localhost:4200/" "Mozilla/5.0 (Windows NT 6.2; Win64; x64) AppleWebKit/537.36 (KHTML, like Gecko) Chrome/87.0.4280.101 Safari/537.36"
::1 - - [Tue, 05 Jan 2021 07:29:49 GMT] "GET /sessions/connect HTTP/1.1" 200 93 "http://localhost:4200/" "Mozilla/5.0 (Windows NT 6.2; Win64; x64) AppleWebKit/537.36 (KHTML, like Gecko) Chrome/87.0.4280.88 Safari/537.36"
::1 - - [Tue, 05 Jan 2021 07:29:57 GMT] "POST /sessions/saveAccessTokens HTTP/1.1" 200 54 "http://localhost:4200/" "Mozilla/5.0 (Windows NT 6.2; Win64; x64) AppleWebKit/537.36 (KHTML, like Gecko) Chrome/87.0.4280.88 Safari/537.36"
::1 - - [Tue, 05 Jan 2021 07:37:53 GMT] "GET /sessions/connect HTTP/1.1" 200 93 "http://localhost:4200/" "Mozilla/5.0 (Windows NT 6.2; Win64; x64) AppleWebKit/537.36 (KHTML, like Gecko) Chrome/87.0.4280.88 Safari/537.36"
::1 - - [Tue, 05 Jan 2021 07:39:35 GMT] "GET /sessions/connect HTTP/1.1" 200 93 "http://localhost:4200/" "Mozilla/5.0 (Windows NT 6.2; Win64; x64) AppleWebKit/537.36 (KHTML, like Gecko) Chrome/87.0.4280.88 Safari/537.36"
::1 - - [Tue, 05 Jan 2021 07:39:42 GMT] "POST /sessions/saveAccessTokens HTTP/1.1" 200 54 "http://localhost:4200/" "Mozilla/5.0 (Windows NT 6.2; Win64; x64) AppleWebKit/537.36 (KHTML, like Gecko) Chrome/87.0.4280.88 Safari/537.36"
::1 - - [Tue, 05 Jan 2021 07:49:01 GMT] "GET /sessions/connect HTTP/1.1" 200 93 "http://localhost:4200/" "Mozilla/5.0 (Windows NT 6.2; Win64; x64) AppleWebKit/537.36 (KHTML, like Gecko) Chrome/87.0.4280.88 Safari/537.36"
::1 - - [Tue, 05 Jan 2021 07:50:03 GMT] "GET /sessions/connect HTTP/1.1" 200 93 "http://localhost:4200/" "Mozilla/5.0 (Windows NT 6.2; Win64; x64) AppleWebKit/537.36 (KHTML, like Gecko) Chrome/87.0.4280.88 Safari/537.36"
::1 - - [Tue, 05 Jan 2021 07:50:14 GMT] "POST /sessions/saveAccessTokens HTTP/1.1" 200 684 "http://localhost:4200/" "Mozilla/5.0 (Windows NT 6.2; Win64; x64) AppleWebKit/537.36 (KHTML, like Gecko) Chrome/87.0.4280.88 Safari/537.36"
::1 - - [Tue, 05 Jan 2021 09:03:11 GMT] "GET /sessions/connect HTTP/1.1" 200 93 "http://localhost:4200/" "Mozilla/5.0 (Windows NT 6.2; Win64; x64) AppleWebKit/537.36 (KHTML, like Gecko) Chrome/87.0.4280.88 Safari/537.36"
::1 - - [Tue, 05 Jan 2021 09:03:18 GMT] "POST /sessions/saveAccessTokens HTTP/1.1" 200 684 "http://localhost:4200/" "Mozilla/5.0 (Windows NT 6.2; Win64; x64) AppleWebKit/537.36 (KHTML, like Gecko) Chrome/87.0.4280.88 Safari/537.36"
::1 - - [Tue, 05 Jan 2021 09:04:52 GMT] "GET /sessions/connect HTTP/1.1" 200 93 "http://localhost:4200/" "Mozilla/5.0 (Windows NT 6.2; Win64; x64) AppleWebKit/537.36 (KHTML, like Gecko) Chrome/87.0.4280.88 Safari/537.36"
::1 - - [Tue, 05 Jan 2021 09:05:00 GMT] "POST /sessions/saveAccessTokens HTTP/1.1" 200 54 "http://localhost:4200/" "Mozilla/5.0 (Windows NT 6.2; Win64; x64) AppleWebKit/537.36 (KHTML, like Gecko) Chrome/87.0.4280.88 Safari/537.36"
::1 - - [Tue, 05 Jan 2021 09:12:30 GMT] "GET /sessions/connect HTTP/1.1" 200 93 "http://localhost:4200/" "Mozilla/5.0 (Windows NT 6.2; Win64; x64) AppleWebKit/537.36 (KHTML, like Gecko) Chrome/87.0.4280.88 Safari/537.36"
::1 - - [Tue, 05 Jan 2021 09:14:08 GMT] "GET /sessions/connect HTTP/1.1" 200 93 "http://localhost:4200/" "Mozilla/5.0 (Windows NT 6.2; Win64; x64) AppleWebKit/537.36 (KHTML, like Gecko) Chrome/87.0.4280.88 Safari/537.36"
::1 - - [Tue, 05 Jan 2021 09:14:17 GMT] "POST /sessions/saveAccessTokens HTTP/1.1" 200 51 "http://localhost:4200/" "Mozilla/5.0 (Windows NT 6.2; Win64; x64) AppleWebKit/537.36 (KHTML, like Gecko) Chrome/87.0.4280.88 Safari/537.36"
::1 - - [Tue, 05 Jan 2021 09:39:19 GMT] "GET /sessions/connect HTTP/1.1" 200 93 "http://localhost:4200/" "Mozilla/5.0 (Windows NT 6.2; Win64; x64) AppleWebKit/537.36 (KHTML, like Gecko) Chrome/87.0.4280.88 Safari/537.36"
::1 - - [Tue, 05 Jan 2021 09:39:30 GMT] "POST /sessions/saveAccessTokens HTTP/1.1" 200 51 "http://localhost:4200/" "Mozilla/5.0 (Windows NT 6.2; Win64; x64) AppleWebKit/537.36 (KHTML, like Gecko) Chrome/87.0.4280.88 Safari/537.36"
::1 - - [Tue, 05 Jan 2021 09:39:34 GMT] "POST /sessions/api/user HTTP/1.1" 404 157 "-" "Mozilla/5.0 (Windows NT 6.2; Win64; x64) AppleWebKit/537.36 (KHTML, like Gecko) Chrome/87.0.4280.101 Safari/537.36"
::1 - - [Tue, 05 Jan 2021 09:39:48 GMT] "GET /sessions/api/user HTTP/1.1" 404 156 "-" "Mozilla/5.0 (Windows NT 6.2; Win64; x64) AppleWebKit/537.36 (KHTML, like Gecko) Chrome/87.0.4280.101 Safari/537.36"
::1 - - [Tue, 05 Jan 2021 09:40:02 GMT] "POST /sessions/saveAccessTokens HTTP/1.1" 500 49 "http://localhost:4200/" "Mozilla/5.0 (Windows NT 6.2; Win64; x64) AppleWebKit/537.36 (KHTML, like Gecko) Chrome/87.0.4280.101 Safari/537.36"
